\BOOKMARK [0][]{bookmark.0.cover.0}{Cover page}{}% 1
\BOOKMARK [0][]{chapter*.1}{Abbreviations and Acronyms}{}% 2
\BOOKMARK [0][]{bookmark.0.contents.0}{Contents}{}% 3
\BOOKMARK [0][]{chapter.1}{1 Introduction}{}% 4
\BOOKMARK [1][-]{section.1.1}{1.1 Motivation}{chapter.1}% 5
\BOOKMARK [1][-]{section.1.2}{1.2 Problem statement}{chapter.1}% 6
\BOOKMARK [1][-]{section.1.3}{1.3 Structure of the thesis}{chapter.1}% 7
\BOOKMARK [0][]{chapter.2}{2 Background}{}% 8
\BOOKMARK [1][-]{section.2.1}{2.1 Java Virtual Machine}{chapter.2}% 9
\BOOKMARK [1][-]{section.2.2}{2.2 Software quality assurance}{chapter.2}% 10
\BOOKMARK [2][-]{subsection.2.2.1}{2.2.1 Definitions of quality}{section.2.2}% 11
\BOOKMARK [2][-]{subsection.2.2.2}{2.2.2 Motivation for SQA}{section.2.2}% 12
\BOOKMARK [2][-]{subsection.2.2.3}{2.2.3 Activities in SQA}{section.2.2}% 13
\BOOKMARK [1][-]{section.2.3}{2.3 Automated testing}{chapter.2}% 14
\BOOKMARK [2][-]{subsection.2.3.1}{2.3.1 Levels of automation}{section.2.3}% 15
\BOOKMARK [2][-]{subsection.2.3.2}{2.3.2 Low-level testing explained}{section.2.3}% 16
\BOOKMARK [2][-]{subsection.2.3.3}{2.3.3 Benefits and drawbacks}{section.2.3}% 17
\BOOKMARK [1][-]{section.2.4}{2.4 Test-Driven Development}{chapter.2}% 18
\BOOKMARK [2][-]{subsection.2.4.1}{2.4.1 Definition}{section.2.4}% 19
\BOOKMARK [2][-]{subsection.2.4.2}{2.4.2 Benefits and drawbacks}{section.2.4}% 20
\BOOKMARK [1][-]{section.2.5}{2.5 Acceptance Test-Driven Development}{chapter.2}% 21
\BOOKMARK [2][-]{subsection.2.5.1}{2.5.1 Benefits and drawbacks}{section.2.5}% 22
\BOOKMARK [1][-]{section.2.6}{2.6 Behavior-Driven Development}{chapter.2}% 23
\BOOKMARK [2][-]{subsection.2.6.1}{2.6.1 History}{section.2.6}% 24
\BOOKMARK [2][-]{subsection.2.6.2}{2.6.2 Definition}{section.2.6}% 25
\BOOKMARK [2][-]{subsection.2.6.3}{2.6.3 Process}{section.2.6}% 26
\BOOKMARK [2][-]{subsection.2.6.4}{2.6.4 Levels of specification}{section.2.6}% 27
\BOOKMARK [2][-]{subsection.2.6.5}{2.6.5 Benefits and drawbacks}{section.2.6}% 28
\BOOKMARK [1][-]{section.2.7}{2.7 Related research}{chapter.2}% 29
\BOOKMARK [0][]{chapter.3}{3 Environment}{}% 30
\BOOKMARK [1][-]{section.3.1}{3.1 xUnit testing frameworks}{chapter.3}% 31
\BOOKMARK [2][-]{subsection.3.1.1}{3.1.1 JUnit}{section.3.1}% 32
\BOOKMARK [2][-]{subsection.3.1.2}{3.1.2 Extending JUnit for Spring Framework domain}{section.3.1}% 33
\BOOKMARK [1][-]{section.3.2}{3.2 Implementation level BDD testing frameworks for JVM}{chapter.3}% 34
\BOOKMARK [2][-]{subsection.3.2.1}{3.2.1 xSpec family}{section.3.2}% 35
\BOOKMARK [2][-]{subsection.3.2.2}{3.2.2 Gherkin family}{section.3.2}% 36
\BOOKMARK [0][]{chapter.4}{4 Methods}{}% 37
\BOOKMARK [1][-]{section.4.1}{4.1 Research questions}{chapter.4}% 38
\BOOKMARK [1][-]{section.4.2}{4.2 Research hypotheses}{chapter.4}% 39
\BOOKMARK [1][-]{section.4.3}{4.3 Empirical study}{chapter.4}% 40
\BOOKMARK [2][-]{subsection.4.3.1}{4.3.1 Type of study and purpose}{section.4.3}% 41
\BOOKMARK [2][-]{subsection.4.3.2}{4.3.2 Process for selecting teams and developers}{section.4.3}% 42
\BOOKMARK [2][-]{subsection.4.3.3}{4.3.3 Data collection}{section.4.3}% 43
\BOOKMARK [1][-]{section.4.4}{4.4 Validity and reliability}{chapter.4}% 44
\BOOKMARK [2][-]{subsection.4.4.1}{4.4.1 Construct validity}{section.4.4}% 45
\BOOKMARK [2][-]{subsection.4.4.2}{4.4.2 Internal validity}{section.4.4}% 46
\BOOKMARK [2][-]{subsection.4.4.3}{4.4.3 External validity}{section.4.4}% 47
\BOOKMARK [2][-]{subsection.4.4.4}{4.4.4 Reliability}{section.4.4}% 48
\BOOKMARK [0][]{chapter.5}{5 BDD frameworks in selected projects}{}% 49
\BOOKMARK [1][-]{section.5.1}{5.1 Project A}{chapter.5}% 50
\BOOKMARK [1][-]{section.5.2}{5.2 Project B}{chapter.5}% 51
\BOOKMARK [0][]{chapter.6}{6 Results and discussion}{}% 52
\BOOKMARK [1][-]{section.6.1}{6.1 First interview: demographics and projects}{chapter.6}% 53
\BOOKMARK [1][-]{section.6.2}{6.2 Surveys and BDD framework feedback interview analyzed}{chapter.6}% 54
\BOOKMARK [2][-]{subsection.6.2.1}{6.2.1 Automated low-level testing developer practices}{section.6.2}% 55
\BOOKMARK [2][-]{subsection.6.2.2}{6.2.2 Developer perception towards automated low-level testing}{section.6.2}% 56
\BOOKMARK [1][-]{section.6.3}{6.3 Test code analysis}{chapter.6}% 57
\BOOKMARK [2][-]{subsection.6.3.1}{6.3.1 Automated unit testing level}{section.6.3}% 58
\BOOKMARK [2][-]{subsection.6.3.2}{6.3.2 Automated unit \046 integration testing levels}{section.6.3}% 59
\BOOKMARK [2][-]{subsection.6.3.3}{6.3.3 Change summary}{section.6.3}% 60
\BOOKMARK [1][-]{section.6.4}{6.4 Comparison of BDD testing frameworks}{chapter.6}% 61
\BOOKMARK [0][]{chapter.7}{7 Conclusions}{}% 62
\BOOKMARK [1][-]{section.7.1}{7.1 Summary}{chapter.7}% 63
\BOOKMARK [1][-]{section.7.2}{7.2 Future work}{chapter.7}% 64
\BOOKMARK [0][]{appendix.A}{A Interview questions}{}% 65
\BOOKMARK [1][-]{section.A.1}{A.1 Interview for demographic purposes}{appendix.A}% 66
\BOOKMARK [0][]{appendix.B}{B Surveys}{}% 67
\BOOKMARK [1][-]{section.B.1}{B.1 Survey regarding JUnit in automated low-level testing}{appendix.B}% 68
\BOOKMARK [1][-]{section.B.2}{B.2 Survey regarding BDD testing framework in automated low-level testing}{appendix.B}% 69
\BOOKMARK [0][]{appendix.C}{C Gradle build configurations}{}% 70
